{
  "RSpec": {
    "coverage": {
      "/Users/annie/Desktop/MSCS/TeachMeBack/app/helpers/application_helper.rb": {
        "lines": [
          1,
          null
        ],
        "branches": {}
      },
      "/Users/annie/Desktop/MSCS/TeachMeBack/app/helpers/dashboard_helper.rb": {
        "lines": [
          1,
          null
        ],
        "branches": {}
      },
      "/Users/annie/Desktop/MSCS/TeachMeBack/app/helpers/explore_helper.rb": {
        "lines": [
          1,
          null
        ],
        "branches": {}
      },
      "/Users/annie/Desktop/MSCS/TeachMeBack/app/helpers/home_helper.rb": {
        "lines": [
          1,
          null
        ],
        "branches": {}
      },
      "/Users/annie/Desktop/MSCS/TeachMeBack/app/helpers/match_helper.rb": {
        "lines": [
          1,
          null
        ],
        "branches": {}
      },
      "/Users/annie/Desktop/MSCS/TeachMeBack/app/helpers/sessions_helper.rb": {
        "lines": [
          1,
          null
        ],
        "branches": {}
      },
      "/Users/annie/Desktop/MSCS/TeachMeBack/app/helpers/users_helper.rb": {
        "lines": [
          1,
          null
        ],
        "branches": {}
      },
      "/Users/annie/Desktop/MSCS/TeachMeBack/app/models/skill_exchange_request.rb": {
        "lines": [
          null,
          1,
          1,
          null,
          1,
          1,
          1,
          null,
          1,
          null,
          null,
          1,
          null,
          null,
          null,
          null,
          null,
          null,
          1,
          null,
          null,
          1,
          null,
          null,
          1,
          null,
          null,
          1,
          null,
          null,
          1,
          null,
          null,
          1,
          141,
          141,
          null,
          null,
          null,
          1,
          1136,
          null,
          null,
          1,
          145,
          445,
          null,
          null,
          1,
          49,
          null,
          null,
          null,
          111,
          1,
          2,
          0,
          null,
          2,
          null,
          null,
          1,
          null,
          null,
          2,
          4,
          null,
          1,
          null,
          1,
          141,
          2,
          null,
          null,
          null,
          null
        ],
        "branches": {
          "[:if, 0, 54, 30, 54, 112]": {
            "[:then, 1, 54, 30, 54, 96]": 89,
            "[:else, 2, 54, 30, 54, 112]": 21
          },
          "[:if, 3, 56, 6, 60, 9]": {
            "[:then, 4, 57, 8, 57, 54]": 0,
            "[:else, 5, 59, 8, 59, 53]": 2
          },
          "[:if, 6, 71, 6, 73, 9]": {
            "[:then, 7, 72, 8, 72, 71]": 2,
            "[:else, 8, 71, 6, 73, 9]": 139
          }
        }
      },
      "/Users/annie/Desktop/MSCS/TeachMeBack/app/models/application_record.rb": {
        "lines": [
          1,
          1,
          null
        ],
        "branches": {}
      },
      "/Users/annie/Desktop/MSCS/TeachMeBack/app/models/user.rb": {
        "lines": [
          1,
          1,
          1,
          1,
          1,
          1,
          null,
          1,
          1,
          null,
          1,
          112,
          112,
          null,
          null,
          1,
          null,
          1,
          148,
          11,
          11,
          null,
          null,
          null,
          1,
          null,
          1,
          148,
          4,
          null,
          null,
          null,
          1,
          148,
          null,
          null
        ],
        "branches": {
          "[:if, 0, 19, 4, 22, 7]": {
            "[:then, 1, 20, 6, 21, 47]": 11,
            "[:else, 2, 19, 4, 22, 7]": 137
          },
          "[:if, 3, 21, 6, 21, 47]": {
            "[:then, 4, 21, 6, 21, 26]": 10,
            "[:else, 5, 21, 6, 21, 47]": 1
          },
          "[:\"&.\", 6, 28, 11, 28, 35]": {
            "[:then, 7, 28, 11, 28, 35]": 148,
            "[:else, 8, 28, 11, 28, 35]": 0
          },
          "[:unless, 9, 28, 4, 30, 7]": {
            "[:else, 10, 28, 4, 30, 7]": 144,
            "[:then, 11, 29, 6, 29, 47]": 4
          },
          "[:\"&.\", 12, 34, 24, 34, 48]": {
            "[:then, 13, 34, 24, 34, 48]": 148,
            "[:else, 14, 34, 24, 34, 48]": 0
          }
        }
      },
      "/Users/annie/Desktop/MSCS/TeachMeBack/app/controllers/application_controller.rb": {
        "lines": [
          1,
          1,
          null,
          1,
          null,
          1,
          null,
          1,
          87,
          null,
          null,
          1,
          22,
          1,
          null,
          null,
          null
        ],
        "branches": {
          "[:unless, 0, 13, 4, 15, 7]": {
            "[:else, 1, 13, 4, 15, 7]": 21,
            "[:then, 2, 14, 6, 14, 72]": 1
          }
        }
      },
      "/Users/annie/Desktop/MSCS/TeachMeBack/app/controllers/sessions_controller.rb": {
        "lines": [
          1,
          1,
          null,
          null,
          null,
          1,
          72,
          72,
          71,
          71,
          null,
          1,
          1,
          null,
          null,
          null,
          1,
          6,
          6,
          null,
          null
        ],
        "branches": {
          "[:\"&.\", 0, 8, 7, 8, 44]": {
            "[:then, 1, 8, 7, 8, 44]": 72,
            "[:else, 2, 8, 7, 8, 44]": 0
          },
          "[:if, 3, 8, 4, 14, 7]": {
            "[:then, 4, 9, 6, 10, 65]": 71,
            "[:else, 5, 12, 6, 13, 48]": 1
          }
        }
      },
      "/Users/annie/Desktop/MSCS/TeachMeBack/app/controllers/dashboard_controller.rb": {
        "lines": [
          1,
          1,
          null,
          1,
          16,
          16,
          null,
          null,
          null,
          null,
          null,
          16,
          null,
          16,
          7,
          7,
          14,
          null,
          null,
          null,
          null,
          null,
          null,
          16,
          16,
          16,
          null,
          null,
          null,
          1,
          null,
          1,
          18,
          2,
          null,
          null,
          null,
          1,
          50,
          null,
          1,
          null
        ],
        "branches": {
          "[:if, 0, 14, 4, 22, 7]": {
            "[:then, 1, 15, 6, 21, 9]": 7,
            "[:else, 2, 14, 4, 22, 7]": 9
          },
          "[:unless, 3, 33, 4, 35, 7]": {
            "[:else, 4, 33, 4, 35, 7]": 16,
            "[:then, 5, 34, 6, 34, 70]": 2
          }
        }
      },
      "/Users/annie/Desktop/MSCS/TeachMeBack/app/controllers/home_controller.rb": {
        "lines": [
          1,
          1,
          null,
          null
        ],
        "branches": {}
      },
      "/Users/annie/Desktop/MSCS/TeachMeBack/app/controllers/skill_exchange_requests_controller.rb": {
        "lines": [
          null,
          1,
          null,
          1,
          null,
          1,
          null,
          1,
          2,
          null,
          null,
          1,
          2,
          2,
          null,
          null,
          1,
          17,
          17,
          8,
          null,
          9,
          9,
          9,
          null,
          null,
          null,
          1,
          null,
          1,
          null,
          1,
          2,
          null,
          null,
          1,
          17,
          null,
          null,
          null,
          null,
          null,
          null,
          null,
          null
        ],
        "branches": {
          "[:if, 0, 19, 6, 25, 9]": {
            "[:then, 1, 20, 8, 20, 96]": 8,
            "[:else, 2, 22, 8, 24, 50]": 9
          }
        }
      },
      "/Users/annie/Desktop/MSCS/TeachMeBack/app/controllers/users_controller.rb": {
        "lines": [
          1,
          1,
          null,
          1,
          2,
          null,
          null,
          1,
          10,
          10,
          6,
          6,
          null,
          4,
          4,
          null,
          null,
          null,
          1,
          18,
          18,
          null,
          null,
          1,
          10,
          10,
          null,
          0,
          0,
          0,
          null,
          null,
          null,
          1,
          null,
          1,
          20,
          null,
          null,
          1,
          30,
          2,
          null,
          null,
          null,
          1,
          106,
          null,
          1,
          null
        ],
        "branches": {
          "[:if, 0, 10, 4, 16, 7]": {
            "[:then, 1, 11, 6, 12, 84]": 6,
            "[:else, 2, 14, 6, 15, 48]": 4
          },
          "[:if, 3, 25, 4, 31, 7]": {
            "[:then, 4, 26, 6, 26, 30]": 10,
            "[:else, 5, 28, 6, 30, 49]": 0
          },
          "[:unless, 6, 41, 4, 43, 7]": {
            "[:else, 7, 41, 4, 43, 7]": 28,
            "[:then, 8, 42, 6, 42, 75]": 2
          }
        }
      },
      "/Users/annie/Desktop/MSCS/TeachMeBack/app/controllers/explore_controller.rb": {
        "lines": [
          0,
          0,
          0,
          0,
          0,
          0
        ],
        "branches": {}
      },
      "/Users/annie/Desktop/MSCS/TeachMeBack/app/controllers/match_controller.rb": {
        "lines": [
          0,
          0,
          null,
          0,
          0,
          0,
          0
        ],
        "branches": {}
      },
      "/Users/annie/Desktop/MSCS/TeachMeBack/app/jobs/application_job.rb": {
        "lines": [
          0,
          null,
          null,
          null,
          null,
          null,
          0
        ],
        "branches": {}
      },
      "/Users/annie/Desktop/MSCS/TeachMeBack/app/mailers/application_mailer.rb": {
        "lines": [
          0,
          0,
          0,
          0
        ],
        "branches": {}
      }
    },
    "timestamp": 1761779982
  }
}
