{
  "RSpec": {
    "coverage": {
      "/home/ramyam/TeachMeBack/app/helpers/application_helper.rb": {
        "lines": [
          1,
          null
        ],
        "branches": {}
      },
      "/home/ramyam/TeachMeBack/app/helpers/dashboard_helper.rb": {
        "lines": [
          1,
          null
        ],
        "branches": {}
      },
      "/home/ramyam/TeachMeBack/app/helpers/explore_helper.rb": {
        "lines": [
          1,
          null
        ],
        "branches": {}
      },
      "/home/ramyam/TeachMeBack/app/helpers/home_helper.rb": {
        "lines": [
          1,
          null
        ],
        "branches": {}
      },
      "/home/ramyam/TeachMeBack/app/helpers/match_helper.rb": {
        "lines": [
          1,
          null
        ],
        "branches": {}
      },
      "/home/ramyam/TeachMeBack/app/helpers/reviews_helper.rb": {
        "lines": [
          1,
          null
        ],
        "branches": {}
      },
      "/home/ramyam/TeachMeBack/app/helpers/sessions_helper.rb": {
        "lines": [
          1,
          null
        ],
        "branches": {}
      },
      "/home/ramyam/TeachMeBack/app/helpers/users_helper.rb": {
        "lines": [
          1,
          null
        ],
        "branches": {}
      },
      "/home/ramyam/TeachMeBack/app/models/user.rb": {
        "lines": [
          1,
          1,
          1,
          1,
          1,
          1,
          1,
          1,
          1,
          1,
          1,
          1,
          null,
          1,
          1,
          null,
          1,
          0,
          0,
          null,
          null,
          1,
          0,
          null,
          null,
          1,
          0,
          0,
          null,
          null,
          1,
          0,
          null,
          null,
          1,
          0,
          null,
          null,
          1,
          null,
          1,
          9,
          1,
          1,
          null,
          null,
          null,
          1,
          null,
          1,
          9,
          1,
          null,
          null,
          null,
          1,
          9,
          null,
          null
        ],
        "branches": {
          "[:if, 0, 42, 4, 45, 7]": {
            "[:then, 1, 43, 6, 44, 47]": 1,
            "[:else, 2, 42, 4, 45, 7]": 8
          },
          "[:if, 3, 44, 6, 44, 47]": {
            "[:then, 4, 44, 6, 44, 26]": 0,
            "[:else, 5, 44, 6, 44, 47]": 1
          },
          "[:\"&.\", 6, 51, 11, 51, 35]": {
            "[:then, 7, 51, 11, 51, 35]": 9,
            "[:else, 8, 51, 11, 51, 35]": 0
          },
          "[:unless, 9, 51, 4, 53, 7]": {
            "[:else, 10, 51, 4, 53, 7]": 8,
            "[:then, 11, 52, 6, 52, 47]": 1
          },
          "[:\"&.\", 12, 57, 24, 57, 48]": {
            "[:then, 13, 57, 24, 57, 48]": 9,
            "[:else, 14, 57, 24, 57, 48]": 0
          }
        }
      },
      "/home/ramyam/TeachMeBack/app/models/application_record.rb": {
        "lines": [
          1,
          1,
          null
        ],
        "branches": {}
      },
      "/home/ramyam/TeachMeBack/app/models/skill_exchange_request.rb": {
        "lines": [
          null,
          1,
          1,
          null,
          1,
          1,
          1,
          null,
          1,
          null,
          null,
          1,
          null,
          null,
          null,
          null,
          null,
          null,
          1,
          null,
          null,
          1,
          null,
          null,
          1,
          null,
          null,
          1,
          null,
          null,
          1,
          null,
          null,
          1,
          2,
          2,
          null,
          null,
          null,
          1,
          16,
          null,
          null,
          1,
          2,
          4,
          null,
          null,
          1,
          0,
          null,
          null,
          null,
          3,
          1,
          0,
          0,
          null,
          0,
          null,
          null,
          1,
          null,
          null,
          1,
          1,
          null,
          1,
          null,
          1,
          2,
          0,
          null,
          null,
          null,
          null
        ],
        "branches": {
          "[:if, 0, 54, 30, 54, 112]": {
            "[:then, 1, 54, 30, 54, 96]": 2,
            "[:else, 2, 54, 30, 54, 112]": 0
          },
          "[:if, 3, 56, 6, 60, 9]": {
            "[:then, 4, 57, 8, 57, 54]": 0,
            "[:else, 5, 59, 8, 59, 53]": 0
          },
          "[:if, 6, 71, 6, 73, 9]": {
            "[:then, 7, 72, 8, 72, 71]": 0,
            "[:else, 8, 71, 6, 73, 9]": 2
          }
        }
      },
      "/home/ramyam/TeachMeBack/app/controllers/application_controller.rb": {
        "lines": [
          1,
          1,
          null,
          1,
          null,
          1,
          null,
          1,
          0,
          null,
          null,
          1,
          0,
          0,
          null,
          null,
          null
        ],
        "branches": {
          "[:unless, 0, 13, 4, 15, 7]": {
            "[:else, 1, 13, 4, 15, 7]": 0,
            "[:then, 2, 14, 6, 14, 72]": 0
          }
        }
      },
      "/home/ramyam/TeachMeBack/app/models/review.rb": {
        "lines": [
          1,
          1,
          1,
          1,
          null,
          1,
          1,
          null
        ],
        "branches": {}
      },
      "/home/ramyam/TeachMeBack/app/controllers/dashboard_controller.rb": {
        "lines": [
          0,
          0,
          null,
          0,
          0,
          0,
          0,
          0,
          0,
          null,
          null,
          0,
          null,
          0,
          0,
          0,
          0,
          0,
          0,
          0,
          0,
          0,
          null,
          0,
          0,
          0,
          0,
          0,
          null,
          0,
          null,
          0,
          0,
          0,
          0,
          0,
          null,
          0,
          0,
          0,
          0,
          0
        ],
        "branches": {}
      },
      "/home/ramyam/TeachMeBack/app/controllers/explore_controller.rb": {
        "lines": [
          0,
          0,
          0,
          0,
          0,
          0
        ],
        "branches": {}
      },
      "/home/ramyam/TeachMeBack/app/controllers/home_controller.rb": {
        "lines": [
          0,
          0,
          0,
          0
        ],
        "branches": {}
      },
      "/home/ramyam/TeachMeBack/app/controllers/match_controller.rb": {
        "lines": [
          0,
          0,
          null,
          0,
          0,
          0,
          0,
          null,
          0,
          null,
          0,
          0,
          0,
          0,
          0,
          0
        ],
        "branches": {}
      },
      "/home/ramyam/TeachMeBack/app/controllers/reviews_controller.rb": {
        "lines": [
          0,
          0,
          0,
          0,
          0,
          0,
          null,
          0,
          0,
          0,
          0,
          0,
          0,
          null,
          0,
          0,
          0,
          0,
          0,
          0,
          0,
          null,
          0,
          null,
          0,
          0,
          0,
          null,
          0,
          0,
          0,
          0,
          0,
          0
        ],
        "branches": {}
      },
      "/home/ramyam/TeachMeBack/app/controllers/sessions_controller.rb": {
        "lines": [
          0,
          0,
          null,
          0,
          null,
          0,
          0,
          0,
          0,
          0,
          0,
          0,
          0,
          0,
          0,
          null,
          0,
          0,
          0,
          0,
          0
        ],
        "branches": {}
      },
      "/home/ramyam/TeachMeBack/app/controllers/skill_exchange_requests_controller.rb": {
        "lines": [
          null,
          0,
          null,
          0,
          null,
          0,
          null,
          0,
          0,
          0,
          null,
          0,
          0,
          0,
          0,
          null,
          0,
          0,
          0,
          0,
          0,
          0,
          0,
          0,
          0,
          0,
          null,
          0,
          0,
          0,
          null,
          0,
          null,
          0,
          0,
          0,
          null,
          0,
          0,
          0,
          0,
          0,
          0,
          0,
          0,
          0,
          null
        ],
        "branches": {}
      },
      "/home/ramyam/TeachMeBack/app/controllers/user_skill_requests_controller.rb": {
        "lines": [
          0,
          0,
          null,
          0,
          0,
          0,
          null,
          null,
          0,
          0,
          0,
          0,
          null,
          0,
          0,
          0,
          0,
          null,
          0,
          0,
          0,
          0,
          0,
          null,
          0,
          0,
          null,
          0,
          0,
          null,
          0,
          0,
          0,
          0,
          0,
          0,
          0,
          0,
          0,
          null,
          0,
          null,
          0,
          0,
          0,
          0,
          0,
          0,
          null
        ],
        "branches": {}
      },
      "/home/ramyam/TeachMeBack/app/controllers/users_controller.rb": {
        "lines": [
          0,
          0,
          null,
          0,
          0,
          0,
          null,
          0,
          0,
          0,
          0,
          0,
          0,
          0,
          0,
          0,
          0,
          null,
          0,
          0,
          0,
          0,
          null,
          0,
          0,
          0,
          0,
          0,
          0,
          0,
          0,
          0,
          null,
          0,
          null,
          0,
          0,
          0,
          null,
          0,
          0,
          0,
          0,
          0,
          null,
          0,
          0,
          0,
          0,
          0
        ],
        "branches": {}
      },
      "/home/ramyam/TeachMeBack/app/jobs/application_job.rb": {
        "lines": [
          0,
          null,
          null,
          null,
          null,
          null,
          0
        ],
        "branches": {}
      },
      "/home/ramyam/TeachMeBack/app/mailers/application_mailer.rb": {
        "lines": [
          0,
          0,
          0,
          0
        ],
        "branches": {}
      },
      "/home/ramyam/TeachMeBack/app/models/match.rb": {
        "lines": [
          0,
          0,
          0,
          null,
          0,
          0,
          null,
          0,
          0,
          null,
          0,
          0,
          0,
          null,
          0,
          0,
          0,
          null,
          0,
          null,
          0,
          0,
          0,
          0,
          0,
          null,
          0,
          0,
          0,
          0,
          0,
          0,
          null
        ],
        "branches": {}
      },
      "/home/ramyam/TeachMeBack/app/models/user_skill_request.rb": {
        "lines": [
          0,
          0,
          0,
          null,
          0,
          0,
          null,
          0,
          null,
          0,
          null,
          0,
          0,
          0,
          0,
          0,
          null,
          0,
          0,
          0,
          0,
          0,
          null,
          0,
          null,
          0,
          0,
          0,
          0,
          0,
          0,
          0,
          0,
          0,
          0,
          0,
          null
        ],
        "branches": {}
      }
    },
    "timestamp": 1762998014
  }
}
